Wed Jan 24 15:06:05 EST 2024
$PROBLEM    PK model
;----------------------------------
$INPUT      C ID TIME TAD DV MDV EVID AMT ADDL II WT HV CRCL AGE SEX
            FOOD RACE ALT AST ALB
;----------------------------------
$DATA      poppk.csv IGNORE=@

;----------------------------------
$SUBROUTINE ADVAN4 TRANS4
;----------------------------------
$PK
;----------------------------------
CL = THETA(1) * EXP(ETA(1))
V2 = THETA(2) * EXP(ETA(2))
Q  = THETA(3) * EXP(ETA(3))
V3 = THETA(4) * EXP(ETA(4))
KA = THETA(5) * EXP(ETA(5))
S2 = V2
;----------------------------------
$THETA  (0,44) ; Clearance
 (0,21) ; Volume central
 (0,19) ; Q
 (0,1115) ; Volume peripheral
 (0,0.2) ; Ka
;----------------------------------
$OMEGA  0.1  ;     IIV CL
 0.1  ;     IIV V2
 0.1  ;      IIV Q
 0.1  ;     IIV V3
 0.1  ;     IIV KA
;----------------------------------
$SIGMA  0.1  ; residual variability
;----------------------------------
$ERROR
;----------------------------------
IPRED = F
IRES = DV-IPRED
W = IPRED
IF (W.EQ.0) W = 1
IWRES = IRES/W
Y= IPRED * (1 + ERR(1))
;----------------------------------

$ESTIMATION METHOD=1 INTER MAXEVAL=9999 PRINT=5 NOABORT POSTHOC
;----------------------------------
$COVARIANCE PRINT=E
;----------------------------------

; OUTPUT
$TABLE      ID WT HV CRCL AGE SEX FOOD RACE ALT AST ALB CL V2 Q V3 KA
            ETAS(1:LAST) ONEHEADER NOPRINT FILE=ppk3.tab
;----------------------------------


NM-TRAN MESSAGES
  
 WARNINGS AND ERRORS (IF ANY) FOR PROBLEM    1
             
 (WARNING  2) NM-TRAN INFERS THAT THE DATA ARE POPULATION.
  
Note: Analytical 2nd Derivatives are constructed in FSUBS but are never used.
      You may insert $ABBR DERIV2=NO after the first $PROB to save FSUBS construction and compilation time
  

License Registered to: CSL Behring LLC
Expiration Date:    14 OCT 2024
Current Date:       24 JAN 2024
Days until program expires : 260
1NONLINEAR MIXED EFFECTS MODEL PROGRAM (NONMEM) VERSION 7.5.1
 ORIGINALLY DEVELOPED BY STUART BEAL, LEWIS SHEINER, AND ALISON BOECKMANN
 CURRENT DEVELOPERS ARE ROBERT BAUER, ICON DEVELOPMENT SOLUTIONS,
 AND ALISON BOECKMANN. IMPLEMENTATION, EFFICIENCY, AND STANDARDIZATION
 PERFORMED BY NOUS INFOSYSTEMS.

 PROBLEM NO.:         1
 PK model
0DATA CHECKOUT RUN:              NO
 DATA SET LOCATED ON UNIT NO.:    2
 THIS UNIT TO BE REWOUND:        NO
 NO. OF DATA RECS IN DATA SET:     4672
 NO. OF DATA ITEMS IN DATA SET:  20
 ID DATA ITEM IS DATA ITEM NO.:   2
 DEP VARIABLE IS DATA ITEM NO.:   5
 MDV DATA ITEM IS DATA ITEM NO.:  6
0INDICES PASSED TO SUBROUTINE PRED:
   7   3   8   0   0  10   0   0   0   0   9
0LABELS FOR DATA ITEMS:
 C ID TIME TAD DV MDV EVID AMT ADDL II WT HV CRCL AGE SEX FOOD RACE ALT AST ALB
0(NONBLANK) LABELS FOR PRED-DEFINED ITEMS:
 CL V2 Q V3 KA
0FORMAT FOR DATA:
 (E1.0,E3.0,E6.0,E4.0,E19.0,2E1.0,E5.0,3E2.0,E1.0,E3.0,7E3.0)

 TOT. NO. OF OBS RECS:     4472
 TOT. NO. OF INDIVIDUALS:      200
0LENGTH OF THETA:   5
0DEFAULT THETA BOUNDARY TEST OMITTED:    NO
0OMEGA HAS SIMPLE DIAGONAL FORM WITH DIMENSION:   5
0DEFAULT OMEGA BOUNDARY TEST OMITTED:    NO
0SIGMA HAS SIMPLE DIAGONAL FORM WITH DIMENSION:   1
0DEFAULT SIGMA BOUNDARY TEST OMITTED:    NO
0INITIAL ESTIMATE OF THETA:
 LOWER BOUND    INITIAL EST    UPPER BOUND
  0.0000E+00     0.4400E+02     0.1000E+07
  0.0000E+00     0.2100E+02     0.1000E+07
  0.0000E+00     0.1900E+02     0.1000E+07
  0.0000E+00     0.1115E+04     0.1000E+07
  0.0000E+00     0.2000E+00     0.1000E+07
0INITIAL ESTIMATE OF OMEGA:
 0.1000E+00
 0.0000E+00   0.1000E+00
 0.0000E+00   0.0000E+00   0.1000E+00
 0.0000E+00   0.0000E+00   0.0000E+00   0.1000E+00
 0.0000E+00   0.0000E+00   0.0000E+00   0.0000E+00   0.1000E+00
0INITIAL ESTIMATE OF SIGMA:
 0.1000E+00
0COVARIANCE STEP OMITTED:        NO
 EIGENVLS. PRINTED:             YES
 SPECIAL COMPUTATION:            NO
 COMPRESSED FORMAT:              NO
 GRADIENT METHOD USED:     NOSLOW
 SIGDIGITS ETAHAT (SIGLO):                  -1
 SIGDIGITS GRADIENTS (SIGL):                -1
 EXCLUDE COV FOR FOCE (NOFCOV):              NO
 Cholesky Transposition of R Matrix (CHOLROFF):0
 KNUTHSUMOFF:                                -1
 RESUME COV ANALYSIS (RESUME):               NO
 SIR SAMPLE SIZE (SIRSAMPLE):
 NON-LINEARLY TRANSFORM THETAS DURING COV (THBND): 1
 PRECONDTIONING CYCLES (PRECOND):        0
 PRECONDTIONING TYPES (PRECONDS):        TOS
 FORCED PRECONDTIONING CYCLES (PFCOND):0
 PRECONDTIONING TYPE (PRETYPE):        0
 FORCED POS. DEFINITE SETTING DURING PRECONDITIONING: (FPOSDEF):0
 SIMPLE POS. DEFINITE SETTING: (POSDEF):-1
0TABLES STEP OMITTED:    NO
 NO. OF TABLES:           1
 SEED NUMBER (SEED):    11456
 NPDTYPE:    0
 INTERPTYPE:    0
 RANMETHOD:             3U
 MC SAMPLES (ESAMPLE):    300
 WRES SQUARE ROOT TYPE (WRESCHOL): EIGENVALUE
0-- TABLE   1 --
0RECORDS ONLY:    ALL
04 COLUMNS APPENDED:    YES
 PRINTED:                NO
 HEADERS:               ONE
 FILE TO BE FORWARDED:   NO
 FORMAT:                S1PE11.4
 IDFORMAT:
 LFORMAT:
 RFORMAT:
 FIXED_EFFECT_ETAS:
0USER-CHOSEN ITEMS:
 ID WT HV CRCL AGE SEX FOOD RACE ALT AST ALB CL V2 Q V3 KA ETA1 ETA2 ETA3 ETA4 ETA5
1DOUBLE PRECISION PREDPP VERSION 7.5.1

 TWO COMPARTMENT MODEL WITH FIRST-ORDER ABSORPTION (ADVAN4)
0MAXIMUM NO. OF BASIC PK PARAMETERS:   5
0BASIC PK PARAMETERS (AFTER TRANSLATION):
   BASIC PK PARAMETER NO.  1: ELIMINATION RATE (K)
   BASIC PK PARAMETER NO.  2: CENTRAL-TO-PERIPH. RATE (K23)
   BASIC PK PARAMETER NO.  3: PERIPH.-TO-CENTRAL RATE (K32)
   BASIC PK PARAMETER NO.  5: ABSORPTION RATE (KA)
 TRANSLATOR WILL CONVERT PARAMETERS
 CL, V2, Q, V3 TO K, K23, K32 (TRANS4)
0COMPARTMENT ATTRIBUTES
 COMPT. NO.   FUNCTION   INITIAL    ON/OFF      DOSE      DEFAULT    DEFAULT
                         STATUS     ALLOWED    ALLOWED    FOR DOSE   FOR OBS.
    1         DEPOT        OFF        YES        YES        YES        NO
    2         CENTRAL      ON         NO         YES        NO         YES
    3         PERIPH.      ON         NO         YES        NO         NO
    4         OUTPUT       OFF        YES        NO         NO         NO
1
 ADDITIONAL PK PARAMETERS - ASSIGNMENT OF ROWS IN GG
 COMPT. NO.                             INDICES
              SCALE      BIOAVAIL.   ZERO-ORDER  ZERO-ORDER  ABSORB
                         FRACTION    RATE        DURATION    LAG
    1            *           *           *           *           *
    2            6           *           *           *           *
    3            *           *           *           *           *
    4            *           -           -           -           -
             - PARAMETER IS NOT ALLOWED FOR THIS MODEL
             * PARAMETER IS NOT SUPPLIED BY PK SUBROUTINE;
               WILL DEFAULT TO ONE IF APPLICABLE
0DATA ITEM INDICES USED BY PRED ARE:
   EVENT ID DATA ITEM IS DATA ITEM NO.:      7
   TIME DATA ITEM IS DATA ITEM NO.:          3
   DOSE AMOUNT DATA ITEM IS DATA ITEM NO.:   8
   INTERVAL DATA ITEM IS DATA ITEM NO.:     10
   ADDL. DOSES DATA ITEM IS DATA ITEM NO.:   9

0PK SUBROUTINE CALLED WITH EVERY EVENT RECORD.
 PK SUBROUTINE NOT CALLED AT NONEVENT (ADDITIONAL OR LAGGED) DOSE TIMES.
0ERROR SUBROUTINE CALLED WITH EVERY EVENT RECORD.
1


 #TBLN:      1
 #METH: First Order Conditional Estimation with Interaction

 ESTIMATION STEP OMITTED:                 NO
 ANALYSIS TYPE:                           POPULATION
 NUMBER OF SADDLE POINT RESET ITERATIONS:      0
 GRADIENT METHOD USED:               NOSLOW
 CONDITIONAL ESTIMATES USED:              YES
 CENTERED ETA:                            NO
 EPS-ETA INTERACTION:                     YES
 LAPLACIAN OBJ. FUNC.:                    NO
 NO. OF FUNCT. EVALS. ALLOWED:            9999
 NO. OF SIG. FIGURES REQUIRED:            3
 INTERMEDIATE PRINTOUT:                   YES
 ESTIMATE OUTPUT TO MSF:                  NO
 ABORT WITH PRED EXIT CODE 1:             NO
 IND. OBJ. FUNC. VALUES SORTED:           NO
 NUMERICAL DERIVATIVE
       FILE REQUEST (NUMDER):               NONE
 MAP (ETAHAT) ESTIMATION METHOD (OPTMAP):   0
 ETA HESSIAN EVALUATION METHOD (ETADER):    0
 INITIAL ETA FOR MAP ESTIMATION (MCETA):    0
 SIGDIGITS FOR MAP ESTIMATION (SIGLO):      100
 GRADIENT SIGDIGITS OF
       FIXED EFFECTS PARAMETERS (SIGL):     100
 NOPRIOR SETTING (NOPRIOR):                 0
 NOCOV SETTING (NOCOV):                     OFF
 DERCONT SETTING (DERCONT):                 OFF
 FINAL ETA RE-EVALUATION (FNLETA):          1
 EXCLUDE NON-INFLUENTIAL (NON-INFL.) ETAS
       IN SHRINKAGE (ETASTYPE):             NO
 NON-INFL. ETA CORRECTION (NONINFETA):      0
 RAW OUTPUT FILE (FILE): psn.ext
 EXCLUDE TITLE (NOTITLE):                   NO
 EXCLUDE COLUMN LABELS (NOLABEL):           NO
 FORMAT FOR ADDITIONAL FILES (FORMAT):      S1PE12.5
 PARAMETER ORDER FOR OUTPUTS (ORDER):       TSOL
 KNUTHSUMOFF:                               0
 INCLUDE LNTWOPI:                           NO
 INCLUDE CONSTANT TERM TO PRIOR (PRIORC):   NO
 INCLUDE CONSTANT TERM TO OMEGA (ETA) (OLNTWOPI):NO
 ADDITIONAL CONVERGENCE TEST (CTYPE=4)?:    NO
 EM OR BAYESIAN METHOD USED:                 NONE


 THE FOLLOWING LABELS ARE EQUIVALENT
 PRED=PREDI
 RES=RESI
 WRES=WRESI
 IWRS=IWRESI
 IPRD=IPREDI
 IRS=IRESI

 MONITORING OF SEARCH:


0ITERATION NO.:    0    OBJECTIVE VALUE:   20596.1419063146        NO. OF FUNC. EVALS.:   8
 CUMULATIVE NO. OF FUNC. EVALS.:        8
 NPARAMETR:  4.4000E+01  2.1000E+01  1.9000E+01  1.1150E+03  2.0000E-01  1.0000E-01  1.0000E-01  1.0000E-01  1.0000E-01  1.0000E-01
             1.0000E-01
 PARAMETER:  1.0000E-01  1.0000E-01  1.0000E-01  1.0000E-01  1.0000E-01  1.0000E-01  1.0000E-01  1.0000E-01  1.0000E-01  1.0000E-01
             1.0000E-01
 GRADIENT:   2.9237E+03 -2.7236E+02  4.7459E+02  2.8604E+03 -7.6655E+02 -2.2302E+03 -4.1778E+01 -5.1161E+02 -2.8471E+03 -2.9243E+02
            -2.2648E+03

0ITERATION NO.:    5    OBJECTIVE VALUE:   17235.3426017409        NO. OF FUNC. EVALS.:  49
 CUMULATIVE NO. OF FUNC. EVALS.:       57
 NPARAMETR:  2.1029E+01  3.5613E+01  1.3451E+01  2.8953E+02  2.7528E-01  1.1618E-01  1.2414E-01  4.0375E-01  2.3205E-01  1.4827E-01
             1.0670E-01
 PARAMETER: -6.3827E-01  6.2819E-01 -2.4535E-01 -1.2483E+00  4.1945E-01  1.7497E-01  2.0810E-01  7.9781E-01  5.2088E-01  2.9692E-01
             1.3243E-01
 GRADIENT:   2.4801E+02 -3.6808E+00  5.1975E+01 -1.4147E+02 -7.0563E+01 -4.3599E+01 -1.6117E+01 -1.8715E+01  3.0024E+01  3.1001E+01
             4.8213E+02

0ITERATION NO.:   10    OBJECTIVE VALUE:   17212.0887992470        NO. OF FUNC. EVALS.:  52
 CUMULATIVE NO. OF FUNC. EVALS.:      109
 NPARAMETR:  2.0491E+01  4.3227E+01  1.3651E+01  3.2112E+02  3.0838E-01  1.1994E-01  2.6133E-01  6.1719E-01  1.5222E-01  1.0621E-01
             1.0327E-01
 PARAMETER: -6.6423E-01  8.2193E-01 -2.3061E-01 -1.1448E+00  5.3300E-01  1.9092E-01  5.8030E-01  1.0100E+00  3.1008E-01  1.3012E-01
             1.1610E-01
 GRADIENT:   1.7016E+02  8.3851E+01  6.6907E+00  1.7111E+01 -6.2262E+01 -2.4942E+01  7.3831E+00  6.4543E+01 -4.3571E+01  9.4352E+00
             3.1359E+02

0ITERATION NO.:   15    OBJECTIVE VALUE:   17195.0930245413        NO. OF FUNC. EVALS.:  47
 CUMULATIVE NO. OF FUNC. EVALS.:      156
 NPARAMETR:  1.9500E+01  3.8126E+01  1.3204E+01  3.1919E+02  2.9795E-01  1.2594E-01  2.4998E-01  4.9303E-01  1.8439E-01  1.0438E-01
             9.7652E-02
 PARAMETER: -7.1379E-01  6.9638E-01 -2.6394E-01 -1.1508E+00  4.9862E-01  2.1533E-01  5.5810E-01  8.9770E-01  4.0595E-01  1.2145E-01
             8.8118E-02
 GRADIENT:   4.0661E+01  1.4620E+01  6.0560E+00  1.3579E+01 -2.1764E+01 -4.5436E+00  2.2112E+00  1.3840E+01 -8.0024E+00  4.9055E+00
             3.9374E+00

0ITERATION NO.:   20    OBJECTIVE VALUE:   17194.0246721652        NO. OF FUNC. EVALS.:  98
 CUMULATIVE NO. OF FUNC. EVALS.:      254
 NPARAMETR:  1.9823E+01  3.7823E+01  1.3224E+01  3.2470E+02  3.0067E-01  1.2722E-01  2.4885E-01  4.7000E-01  1.9126E-01  1.0095E-01
             9.7738E-02
 PARAMETER: -6.9737E-01  6.8840E-01 -2.6238E-01 -1.1337E+00  5.0769E-01  2.2039E-01  5.5584E-01  8.7378E-01  4.2423E-01  1.0473E-01
             8.8558E-02
 GRADIENT:   1.1938E-02 -1.0427E-02  2.3157E-03  3.6115E-02  1.6219E-02  7.5867E-03  5.9268E-03  5.0201E-03  1.3292E-02  1.6882E-03
            -3.5457E-02

0ITERATION NO.:   21    OBJECTIVE VALUE:   17194.0246721652        NO. OF FUNC. EVALS.:  12
 CUMULATIVE NO. OF FUNC. EVALS.:      266
 NPARAMETR:  1.9823E+01  3.7823E+01  1.3224E+01  3.2470E+02  3.0067E-01  1.2722E-01  2.4885E-01  4.7000E-01  1.9126E-01  1.0095E-01
             9.7738E-02
 PARAMETER: -6.9737E-01  6.8840E-01 -2.6238E-01 -1.1337E+00  5.0769E-01  2.2039E-01  5.5584E-01  8.7378E-01  4.2423E-01  1.0473E-01
             8.8558E-02
 GRADIENT:   1.1938E-02 -1.0427E-02  2.3157E-03  3.6115E-02  1.6219E-02  7.5867E-03  5.9268E-03  5.0201E-03  1.3292E-02  1.6882E-03
            -3.5457E-02

 #TERM:
0MINIMIZATION SUCCESSFUL
 NO. OF FUNCTION EVALUATIONS USED:      266
 NO. OF SIG. DIGITS IN FINAL EST.:  4.1

 ETABAR IS THE ARITHMETIC MEAN OF THE ETA-ESTIMATES,
 AND THE P-VALUE IS GIVEN FOR THE NULL HYPOTHESIS THAT THE TRUE MEAN IS 0.

 ETABAR:        -3.5228E-03  1.6740E-02 -1.8994E-02 -1.6383E-02  6.1381E-03
 SE:             2.4549E-02  2.4403E-02  4.3447E-02  2.6979E-02  1.6397E-02
 N:                     200         200         200         200         200

 P VAL.:         8.8589E-01  4.9274E-01  6.6199E-01  5.4367E-01  7.0814E-01

 ETASHRINKSD(%)  2.6665E+00  3.0818E+01  1.0376E+01  1.2758E+01  2.7017E+01
 ETASHRINKVR(%)  5.2619E+00  5.2138E+01  1.9675E+01  2.3888E+01  4.6735E+01
 EBVSHRINKSD(%)  2.4837E+00  3.0244E+01  9.0670E+00  1.3048E+01  2.5489E+01
 EBVSHRINKVR(%)  4.9057E+00  5.1341E+01  1.7312E+01  2.4394E+01  4.4481E+01
 RELATIVEINF(%)  9.4522E+01  3.2676E+01  7.8332E+01  7.3461E+01  3.6709E+01
 EPSSHRINKSD(%)  6.8054E+00
 EPSSHRINKVR(%)  1.3148E+01

  
 TOTAL DATA POINTS NORMALLY DISTRIBUTED (N):         4472
 N*LOG(2PI) CONSTANT TO OBJECTIVE FUNCTION:    8218.9862409825928     
 OBJECTIVE FUNCTION VALUE WITHOUT CONSTANT:    17194.024672165237     
 OBJECTIVE FUNCTION VALUE WITH CONSTANT:       25413.010913147831     
 REPORTED OBJECTIVE FUNCTION DOES NOT CONTAIN CONSTANT
  
 TOTAL EFFECTIVE ETAS (NIND*NETA):                          1000
  
 #TERE:
 Elapsed estimation  time in seconds:    56.23
 Elapsed covariance  time in seconds:    53.76
 Elapsed postprocess time in seconds:     0.51
1
 
 
 
 
 
 
 
 
 
 
 
 
 
 
 
 
 
 
 
 
 ************************************************************************************************************************
 ********************                                                                                ********************
 ********************               FIRST ORDER CONDITIONAL ESTIMATION WITH INTERACTION              ********************
 #OBJT:**************                       MINIMUM VALUE OF OBJECTIVE FUNCTION                      ********************
 ********************                                                                                ********************
 ************************************************************************************************************************
 





 #OBJV:********************************************    17194.025       **************************************************
1
 ************************************************************************************************************************
 ********************                                                                                ********************
 ********************               FIRST ORDER CONDITIONAL ESTIMATION WITH INTERACTION              ********************
 ********************                             FINAL PARAMETER ESTIMATE                           ********************
 ********************                                                                                ********************
 ************************************************************************************************************************
 


 THETA - VECTOR OF FIXED EFFECTS PARAMETERS   *********


         TH 1      TH 2      TH 3      TH 4      TH 5     
 
         1.98E+01  3.78E+01  1.32E+01  3.25E+02  3.01E-01
 


 OMEGA - COV MATRIX FOR RANDOM EFFECTS - ETAS  ********


         ETA1      ETA2      ETA3      ETA4      ETA5     
 
 ETA1
+        1.27E-01
 
 ETA2
+        0.00E+00  2.49E-01
 
 ETA3
+        0.00E+00  0.00E+00  4.70E-01
 
 ETA4
+        0.00E+00  0.00E+00  0.00E+00  1.91E-01
 
 ETA5
+        0.00E+00  0.00E+00  0.00E+00  0.00E+00  1.01E-01
 


 SIGMA - COV MATRIX FOR RANDOM EFFECTS - EPSILONS  ****


         EPS1     
 
 EPS1
+        9.77E-02
 
1


 OMEGA - CORR MATRIX FOR RANDOM EFFECTS - ETAS  *******


         ETA1      ETA2      ETA3      ETA4      ETA5     
 
 ETA1
+        3.57E-01
 
 ETA2
+        0.00E+00  4.99E-01
 
 ETA3
+        0.00E+00  0.00E+00  6.86E-01
 
 ETA4
+        0.00E+00  0.00E+00  0.00E+00  4.37E-01
 
 ETA5
+        0.00E+00  0.00E+00  0.00E+00  0.00E+00  3.18E-01
 


 SIGMA - CORR MATRIX FOR RANDOM EFFECTS - EPSILONS  ***


         EPS1     
 
 EPS1
+        3.13E-01
 
1
 ************************************************************************************************************************
 ********************                                                                                ********************
 ********************               FIRST ORDER CONDITIONAL ESTIMATION WITH INTERACTION              ********************
 ********************                            STANDARD ERROR OF ESTIMATE                          ********************
 ********************                                                                                ********************
 ************************************************************************************************************************
 


 THETA - VECTOR OF FIXED EFFECTS PARAMETERS   *********


         TH 1      TH 2      TH 3      TH 4      TH 5     
 
         5.19E-01  2.48E+00  7.78E-01  1.21E+01  1.22E-02
 


 OMEGA - COV MATRIX FOR RANDOM EFFECTS - ETAS  ********


         ETA1      ETA2      ETA3      ETA4      ETA5     
 
 ETA1
+        1.17E-02
 
 ETA2
+       .........  6.23E-02
 
 ETA3
+       ......... .........  5.38E-02
 
 ETA4
+       ......... ......... .........  2.39E-02
 
 ETA5
+       ......... ......... ......... .........  1.78E-02
 


 SIGMA - COV MATRIX FOR RANDOM EFFECTS - EPSILONS  ****


         EPS1     
 
 EPS1
+        2.59E-03
 
1


 OMEGA - CORR MATRIX FOR RANDOM EFFECTS - ETAS  *******


         ETA1      ETA2      ETA3      ETA4      ETA5     
 
 ETA1
+        1.64E-02
 
 ETA2
+       .........  6.24E-02
 
 ETA3
+       ......... .........  3.92E-02
 
 ETA4
+       ......... ......... .........  2.73E-02
 
 ETA5
+       ......... ......... ......... .........  2.80E-02
 


 SIGMA - CORR MATRIX FOR RANDOM EFFECTS - EPSILONS  ***


         EPS1     
 
 EPS1
+        4.14E-03
 
1
 ************************************************************************************************************************
 ********************                                                                                ********************
 ********************               FIRST ORDER CONDITIONAL ESTIMATION WITH INTERACTION              ********************
 ********************                          COVARIANCE MATRIX OF ESTIMATE                         ********************
 ********************                                                                                ********************
 ************************************************************************************************************************
 

            TH 1      TH 2      TH 3      TH 4      TH 5      OM11      OM12      OM13      OM14      OM15      OM22      OM23  
             OM24      OM25      OM33      OM34      OM35      OM44      OM45      OM55      SG11  
 
 TH 1
+        2.69E-01
 
 TH 2
+       -7.57E-02  6.15E+00
 
 TH 3
+        3.18E-02  4.02E-01  6.05E-01
 
 TH 4
+        1.74E-01 -7.85E-02  2.47E+00  1.46E+02
 
 TH 5
+       -1.42E-04  1.85E-02  2.65E-03  1.14E-02  1.49E-04
 
 OM11
+        7.64E-04 -2.21E-04  4.14E-04  6.60E-03 -3.59E-07  1.36E-04
 
 OM12
+       ......... ......... ......... ......... ......... ......... .........
 
 OM13
+       ......... ......... ......... ......... ......... ......... ......... .........
 
 OM14
+       ......... ......... ......... ......... ......... ......... ......... ......... .........
 
 OM15
+       ......... ......... ......... ......... ......... ......... ......... ......... ......... .........
 
 OM22
+        3.07E-04  8.83E-03  3.31E-03  3.26E-03  4.81E-05 -5.88E-05 ......... ......... ......... .........  3.88E-03
 
 OM23
+       ......... ......... ......... ......... ......... ......... ......... ......... ......... ......... ......... .........
 
 OM24
+       ......... ......... ......... ......... ......... ......... ......... ......... ......... ......... ......... .........
         .........
 
 OM25
+       ......... ......... ......... ......... ......... ......... ......... ......... ......... ......... ......... .........
         ......... .........
 
 OM33
+        9.27E-04 -3.49E-03  8.29E-03  1.04E-03  9.60E-05 -2.37E-05 ......... ......... ......... .........  3.68E-05 .........
         ......... .........  2.90E-03
 
 OM34
+       ......... ......... ......... ......... ......... ......... ......... ......... ......... ......... ......... .........
         ......... ......... ......... .........
 
 OM35
+       ......... ......... ......... ......... ......... ......... ......... ......... ......... ......... ......... .........
         ......... ......... ......... ......... .........
 
 OM44
+       -1.80E-05 -1.54E-03 -1.20E-03  2.50E-02 -2.86E-05  2.89E-05 ......... ......... ......... ......... -2.40E-06 .........
         ......... ......... -3.23E-05 ......... .........  5.70E-04
 
 OM45
+       ......... ......... ......... ......... ......... ......... ......... ......... ......... ......... ......... .........
         ......... ......... ......... ......... ......... ......... .........
 
1

            TH 1      TH 2      TH 3      TH 4      TH 5      OM11      OM12      OM13      OM14      OM15      OM22      OM23  
             OM24      OM25      OM33      OM34      OM35      OM44      OM45      OM55      SG11  
 
 OM55
+        1.31E-03 -1.32E-03 -1.02E-03 -4.07E-06 -8.22E-06  4.01E-05 ......... ......... ......... ......... -4.01E-04 .........
         ......... ......... -7.82E-05 ......... .........  7.46E-07 .........  3.16E-04
 
 SG11
+        1.66E-04 -4.53E-04  1.52E-04 -5.03E-04 -5.20E-06 -1.48E-06 ......... ......... ......... ......... -3.53E-06 .........
         ......... .........  2.78E-06 ......... ......... -1.42E-06 ......... -1.56E-06  6.69E-06
 
1
 ************************************************************************************************************************
 ********************                                                                                ********************
 ********************               FIRST ORDER CONDITIONAL ESTIMATION WITH INTERACTION              ********************
 ********************                          CORRELATION MATRIX OF ESTIMATE                        ********************
 ********************                                                                                ********************
 ************************************************************************************************************************
 

            TH 1      TH 2      TH 3      TH 4      TH 5      OM11      OM12      OM13      OM14      OM15      OM22      OM23  
             OM24      OM25      OM33      OM34      OM35      OM44      OM45      OM55      SG11  
 
 TH 1
+        5.19E-01
 
 TH 2
+       -5.88E-02  2.48E+00
 
 TH 3
+        7.88E-02  2.08E-01  7.78E-01
 
 TH 4
+        2.78E-02 -2.62E-03  2.63E-01  1.21E+01
 
 TH 5
+       -2.24E-02  6.12E-01  2.80E-01  7.73E-02  1.22E-02
 
 OM11
+        1.26E-01 -7.62E-03  4.55E-02  4.68E-02 -2.52E-03  1.17E-02
 
 OM12
+       ......... ......... ......... ......... ......... ......... .........
 
 OM13
+       ......... ......... ......... ......... ......... ......... ......... .........
 
 OM14
+       ......... ......... ......... ......... ......... ......... ......... ......... .........
 
 OM15
+       ......... ......... ......... ......... ......... ......... ......... ......... ......... .........
 
 OM22
+        9.49E-03  5.72E-02  6.84E-02  4.33E-03  6.34E-02 -8.08E-02 ......... ......... ......... .........  6.23E-02
 
 OM23
+       ......... ......... ......... ......... ......... ......... ......... ......... ......... ......... ......... .........
 
 OM24
+       ......... ......... ......... ......... ......... ......... ......... ......... ......... ......... ......... .........
         .........
 
 OM25
+       ......... ......... ......... ......... ......... ......... ......... ......... ......... ......... ......... .........
         ......... .........
 
 OM33
+        3.32E-02 -2.62E-02  1.98E-01  1.61E-03  1.46E-01 -3.76E-02 ......... ......... ......... .........  1.10E-02 .........
         ......... .........  5.38E-02
 
 OM34
+       ......... ......... ......... ......... ......... ......... ......... ......... ......... ......... ......... .........
         ......... ......... ......... .........
 
 OM35
+       ......... ......... ......... ......... ......... ......... ......... ......... ......... ......... ......... .........
         ......... ......... ......... ......... .........
 
 OM44
+       -1.45E-03 -2.61E-02 -6.44E-02  8.65E-02 -9.82E-02  1.04E-01 ......... ......... ......... ......... -1.61E-03 .........
         ......... ......... -2.51E-02 ......... .........  2.39E-02
 
 OM45
+       ......... ......... ......... ......... ......... ......... ......... ......... ......... ......... ......... .........
         ......... ......... ......... ......... ......... ......... .........
 
1

            TH 1      TH 2      TH 3      TH 4      TH 5      OM11      OM12      OM13      OM14      OM15      OM22      OM23  
             OM24      OM25      OM33      OM34      OM35      OM44      OM45      OM55      SG11  
 
 OM55
+        1.42E-01 -2.99E-02 -7.37E-02 -1.90E-05 -3.80E-02  1.93E-01 ......... ......... ......... ......... -3.62E-01 .........
         ......... ......... -8.18E-02 ......... .........  1.76E-03 .........  1.78E-02
 
 SG11
+        1.24E-01 -7.06E-02  7.54E-02 -1.61E-02 -1.65E-01 -4.91E-02 ......... ......... ......... ......... -2.19E-02 .........
         ......... .........  2.00E-02 ......... ......... -2.30E-02 ......... -3.38E-02  2.59E-03
 
1
 ************************************************************************************************************************
 ********************                                                                                ********************
 ********************               FIRST ORDER CONDITIONAL ESTIMATION WITH INTERACTION              ********************
 ********************                      INVERSE COVARIANCE MATRIX OF ESTIMATE                     ********************
 ********************                                                                                ********************
 ************************************************************************************************************************
 

            TH 1      TH 2      TH 3      TH 4      TH 5      OM11      OM12      OM13      OM14      OM15      OM22      OM23  
             OM24      OM25      OM33      OM34      OM35      OM44      OM45      OM55      SG11  
 
 TH 1
+        3.97E+00
 
 TH 2
+        6.37E-02  2.72E-01
 
 TH 3
+       -1.97E-01 -7.24E-02  2.06E+00
 
 TH 4
+       -5.90E-04  4.13E-03 -3.35E-02  7.54E-03
 
 TH 5
+       -3.68E+00 -3.43E+01 -2.32E+01 -6.18E-01  1.21E+04
 
 OM11
+       -1.85E+01  4.44E-01 -8.02E+00 -1.22E-01 -5.55E+00  7.85E+03
 
 OM12
+       ......... ......... ......... ......... ......... ......... .........
 
 OM13
+       ......... ......... ......... ......... ......... ......... ......... .........
 
 OM14
+       ......... ......... ......... ......... ......... ......... ......... ......... .........
 
 OM15
+       ......... ......... ......... ......... ......... ......... ......... ......... ......... .........
 
 OM22
+       -2.52E+00 -1.74E-01 -8.92E-01  1.45E-02 -3.96E+01  3.77E+01 ......... ......... ......... .........  3.00E+02
 
 OM23
+       ......... ......... ......... ......... ......... ......... ......... ......... ......... ......... ......... .........
 
 OM24
+       ......... ......... ......... ......... ......... ......... ......... ......... ......... ......... ......... .........
         .........
 
 OM25
+       ......... ......... ......... ......... ......... ......... ......... ......... ......... ......... ......... .........
         ......... .........
 
 OM33
+       -1.02E+00  1.65E+00 -4.96E+00  1.11E-01 -3.76E+02  6.34E+01 ......... ......... ......... .........  1.10E+01 .........
         ......... .........  3.77E+02
 
 OM34
+       ......... ......... ......... ......... ......... ......... ......... ......... ......... ......... ......... .........
         ......... ......... ......... .........
 
 OM35
+       ......... ......... ......... ......... ......... ......... ......... ......... ......... ......... ......... .........
         ......... ......... ......... ......... .........
 
 OM44
+        3.67E-01 -1.27E+00  4.38E+00 -4.05E-01  4.90E+02 -4.00E+02 ......... ......... ......... ......... -4.84E+00 .........
         ......... ......... -1.20E+01 ......... .........  1.82E+03
 
 OM45
+       ......... ......... ......... ......... ......... ......... ......... ......... ......... ......... ......... .........
         ......... ......... ......... ......... ......... ......... .........
 
1

            TH 1      TH 2      TH 3      TH 4      TH 5      OM11      OM12      OM13      OM14      OM15      OM22      OM23  
             OM24      OM25      OM33      OM34      OM35      OM44      OM45      OM55      SG11  
 
 OM55
+       -1.85E+01 -1.68E-01  4.88E+00 -3.71E-02  7.03E+00 -8.70E+02 ......... ......... ......... .........  3.86E+02 .........
         ......... .........  8.39E+01 ......... .........  5.97E+01 .........  3.89E+03
 
 SG11
+       -1.02E+02 -8.96E+00 -6.54E+01  9.80E-01  7.89E+03  2.10E+03 ......... ......... ......... .........  2.92E+02 .........
         ......... ......... -1.55E+02 ......... .........  4.71E+02 .........  1.23E+03  1.60E+05
 
1
 
 
 
 
 
 
 
 
 
 
 
 
 
 
 
 
 
 
 
 
 ************************************************************************************************************************
 ********************                                                                                ********************
 ********************               FIRST ORDER CONDITIONAL ESTIMATION WITH INTERACTION              ********************
 ********************                      EIGENVALUES OF COR MATRIX OF ESTIMATE                     ********************
 ********************                                                                                ********************
 ************************************************************************************************************************
 

             1         2         3         4         5         6         7         8         9        10        11
 
         3.45E-01  5.82E-01  5.92E-01  7.97E-01  9.03E-01  9.62E-01  1.01E+00  1.14E+00  1.30E+00  1.47E+00  1.90E+00
 
 Elapsed finaloutput time in seconds:     0.37
 #CPUT: Total CPU Time in Seconds,      111.350
Stop Time:
Wed Jan 24 15:08:07 EST 2024
